
**** Build of configuration Debug for project Lab10_Debug ****

"C:\\ti\\ccs740\\ccsv7\\utils\\bin\\gmake" -k -j 4 all -O 
 
'Building file: "C:/Users/hloh/Documents/Course Content/CE2007/new syllabus/RSLK-labs/tirslk_maze_1_00_01/tirslk_maze_1_00_00/inc/CortexM.c"'
'Invoking: MSP432 Compiler'
"C:/ti/ccs740/ccsv7/tools/compiler/ti-cgt-arm_16.9.6.LTS/bin/armcl" -mv7M4 --code_state=16 --float_support=FPv4SPD16 -me --include_path="C:/ti/ccs740/ccsv7/ccs_base/arm/include" --include_path="C:/ti/ccs740/ccsv7/ccs_base/arm/include/CMSIS" --include_path="C:/Users/hloh/Documents/Course Content/CE2007/new syllabus/RSLK-labs/tirslk_maze_1_00_01/tirslk_maze_1_00_00/Lab10_Debug" --include_path="C:/ti/ccs740/ccsv7/tools/compiler/ti-cgt-arm_16.9.6.LTS/include" --advice:power=all --define=__MSP432P401R__ --define=ccs -g --c99 --gcc --diag_warning=225 --diag_wrap=off --display_error_number --abi=eabi --preproc_with_compile --preproc_dependency="CortexM.d_raw"  "C:/Users/hloh/Documents/Course Content/CE2007/new syllabus/RSLK-labs/tirslk_maze_1_00_01/tirslk_maze_1_00_00/inc/CortexM.c"
'Finished building: "C:/Users/hloh/Documents/Course Content/CE2007/new syllabus/RSLK-labs/tirslk_maze_1_00_01/tirslk_maze_1_00_00/inc/CortexM.c"'
 
'Building file: "C:/Users/hloh/Documents/Course Content/CE2007/new syllabus/RSLK-labs/tirslk_maze_1_00_01/tirslk_maze_1_00_00/inc/Bump.c"'
'Invoking: MSP432 Compiler'
"C:/ti/ccs740/ccsv7/tools/compiler/ti-cgt-arm_16.9.6.LTS/bin/armcl" -mv7M4 --code_state=16 --float_support=FPv4SPD16 -me --include_path="C:/ti/ccs740/ccsv7/ccs_base/arm/include" --include_path="C:/ti/ccs740/ccsv7/ccs_base/arm/include/CMSIS" --include_path="C:/Users/hloh/Documents/Course Content/CE2007/new syllabus/RSLK-labs/tirslk_maze_1_00_01/tirslk_maze_1_00_00/Lab10_Debug" --include_path="C:/ti/ccs740/ccsv7/tools/compiler/ti-cgt-arm_16.9.6.LTS/include" --advice:power=all --define=__MSP432P401R__ --define=ccs -g --c99 --gcc --diag_warning=225 --diag_wrap=off --display_error_number --abi=eabi --preproc_with_compile --preproc_dependency="Bump.d_raw"  "C:/Users/hloh/Documents/Course Content/CE2007/new syllabus/RSLK-labs/tirslk_maze_1_00_01/tirslk_maze_1_00_00/inc/Bump.c"
"C:/Users/hloh/Documents/Course Content/CE2007/new syllabus/RSLK-labs/tirslk_maze_1_00_01/tirslk_maze_1_00_00/inc/Bump.c", line 79: remark #2623-D: (ULP 5.4) Detected an assignment to a type with size less than int. To avoid unnecessary sign extension, use int-sized types for local varaibles and convert to smaller types for static storage.
'Finished building: "C:/Users/hloh/Documents/Course Content/CE2007/new syllabus/RSLK-labs/tirslk_maze_1_00_01/tirslk_maze_1_00_00/inc/Bump.c"'
 
'Building file: "C:/Users/hloh/Documents/Course Content/CE2007/new syllabus/RSLK-labs/tirslk_maze_1_00_01/tirslk_maze_1_00_00/inc/Clock.c"'
'Invoking: MSP432 Compiler'
"C:/ti/ccs740/ccsv7/tools/compiler/ti-cgt-arm_16.9.6.LTS/bin/armcl" -mv7M4 --code_state=16 --float_support=FPv4SPD16 -me --include_path="C:/ti/ccs740/ccsv7/ccs_base/arm/include" --include_path="C:/ti/ccs740/ccsv7/ccs_base/arm/include/CMSIS" --include_path="C:/Users/hloh/Documents/Course Content/CE2007/new syllabus/RSLK-labs/tirslk_maze_1_00_01/tirslk_maze_1_00_00/Lab10_Debug" --include_path="C:/ti/ccs740/ccsv7/tools/compiler/ti-cgt-arm_16.9.6.LTS/include" --advice:power=all --define=__MSP432P401R__ --define=ccs -g --c99 --gcc --diag_warning=225 --diag_wrap=off --display_error_number --abi=eabi --preproc_with_compile --preproc_dependency="Clock.d_raw"  "C:/Users/hloh/Documents/Course Content/CE2007/new syllabus/RSLK-labs/tirslk_maze_1_00_01/tirslk_maze_1_00_00/inc/Clock.c"
'Finished building: "C:/Users/hloh/Documents/Course Content/CE2007/new syllabus/RSLK-labs/tirslk_maze_1_00_01/tirslk_maze_1_00_00/inc/Clock.c"'
 
'Building file: "C:/Users/hloh/Documents/Course Content/CE2007/new syllabus/RSLK-labs/tirslk_maze_1_00_01/tirslk_maze_1_00_00/inc/FlashProgram.c"'
'Invoking: MSP432 Compiler'
"C:/ti/ccs740/ccsv7/tools/compiler/ti-cgt-arm_16.9.6.LTS/bin/armcl" -mv7M4 --code_state=16 --float_support=FPv4SPD16 -me --include_path="C:/ti/ccs740/ccsv7/ccs_base/arm/include" --include_path="C:/ti/ccs740/ccsv7/ccs_base/arm/include/CMSIS" --include_path="C:/Users/hloh/Documents/Course Content/CE2007/new syllabus/RSLK-labs/tirslk_maze_1_00_01/tirslk_maze_1_00_00/Lab10_Debug" --include_path="C:/ti/ccs740/ccsv7/tools/compiler/ti-cgt-arm_16.9.6.LTS/include" --advice:power=all --define=__MSP432P401R__ --define=ccs -g --c99 --gcc --diag_warning=225 --diag_wrap=off --display_error_number --abi=eabi --preproc_with_compile --preproc_dependency="FlashProgram.d_raw"  "C:/Users/hloh/Documents/Course Content/CE2007/new syllabus/RSLK-labs/tirslk_maze_1_00_01/tirslk_maze_1_00_00/inc/FlashProgram.c"
"C:/Users/hloh/Documents/Course Content/CE2007/new syllabus/RSLK-labs/tirslk_maze_1_00_01/tirslk_maze_1_00_00/inc/FlashProgram.c", line 285: remark #1528-D: (ULP 3.1) Detected flag polling using FLCTL_IFG. Recommend using an interrupt combined with enter LPMx and ISR
"C:/Users/hloh/Documents/Course Content/CE2007/new syllabus/RSLK-labs/tirslk_maze_1_00_01/tirslk_maze_1_00_00/inc/FlashProgram.c", line 290: remark #1528-D: (ULP 3.1) Detected flag polling using FLCTL_IFG. Recommend using an interrupt combined with enter LPMx and ISR
"C:/Users/hloh/Documents/Course Content/CE2007/new syllabus/RSLK-labs/tirslk_maze_1_00_01/tirslk_maze_1_00_00/inc/FlashProgram.c", line 327: remark #1528-D: (ULP 3.1) Detected flag polling using FLCTL_IFG. Recommend using an interrupt combined with enter LPMx and ISR
"C:/Users/hloh/Documents/Course Content/CE2007/new syllabus/RSLK-labs/tirslk_maze_1_00_01/tirslk_maze_1_00_00/inc/FlashProgram.c", line 368: remark #1528-D: (ULP 3.1) Detected flag polling using FLCTL_IFG. Recommend using an interrupt combined with enter LPMx and ISR
"C:/Users/hloh/Documents/Course Content/CE2007/new syllabus/RSLK-labs/tirslk_maze_1_00_01/tirslk_maze_1_00_00/inc/FlashProgram.c", line 306: remark #1527-D: (ULP 2.1) Detected SW delay loop using empty loop. Recommend using a timer module instead
"C:/Users/hloh/Documents/Course Content/CE2007/new syllabus/RSLK-labs/tirslk_maze_1_00_01/tirslk_maze_1_00_00/inc/FlashProgram.c", line 313: remark #1527-D: (ULP 2.1) Detected SW delay loop using empty loop. Recommend using a timer module instead
"C:/Users/hloh/Documents/Course Content/CE2007/new syllabus/RSLK-labs/tirslk_maze_1_00_01/tirslk_maze_1_00_00/inc/FlashProgram.c", line 349: remark #1527-D: (ULP 2.1) Detected SW delay loop using empty loop. Recommend using a timer module instead
"C:/Users/hloh/Documents/Course Content/CE2007/new syllabus/RSLK-labs/tirslk_maze_1_00_01/tirslk_maze_1_00_00/inc/FlashProgram.c", line 356: remark #1527-D: (ULP 2.1) Detected SW delay loop using empty loop. Recommend using a timer module instead
"C:/Users/hloh/Documents/Course Content/CE2007/new syllabus/RSLK-labs/tirslk_maze_1_00_01/tirslk_maze_1_00_00/inc/FlashProgram.c", line 397: remark #2623-D: (ULP 5.4) Detected an assignment to a type with size less than int. To avoid unnecessary sign extension, use int-sized types for local varaibles and convert to smaller types for static storage.
"C:/Users/hloh/Documents/Course Content/CE2007/new syllabus/RSLK-labs/tirslk_maze_1_00_01/tirslk_maze_1_00_00/inc/FlashProgram.c", line 481: remark #1528-D: (ULP 3.1) Detected flag polling using FLCTL_IFG. Recommend using an interrupt combined with enter LPMx and ISR
"C:/Users/hloh/Documents/Course Content/CE2007/new syllabus/RSLK-labs/tirslk_maze_1_00_01/tirslk_maze_1_00_00/inc/FlashProgram.c", line 555: remark #1528-D: (ULP 3.1) Detected flag polling using FLCTL_IFG. Recommend using an interrupt combined with enter LPMx and ISR
"C:/Users/hloh/Documents/Course Content/CE2007/new syllabus/RSLK-labs/tirslk_maze_1_00_01/tirslk_maze_1_00_00/inc/FlashProgram.c", line 615: remark #1528-D: (ULP 3.1) Detected flag polling using FLCTL_IFG. Recommend using an interrupt combined with enter LPMx and ISR
"C:/Users/hloh/Documents/Course Content/CE2007/new syllabus/RSLK-labs/tirslk_maze_1_00_01/tirslk_maze_1_00_00/inc/FlashProgram.c", line 444: remark #1543-D: (ULP 12.2) Detected for loop with repetitive data transfer. Recommend using DMA
"C:/Users/hloh/Documents/Course Content/CE2007/new syllabus/RSLK-labs/tirslk_maze_1_00_01/tirslk_maze_1_00_00/inc/FlashProgram.c", line 520: remark #1527-D: (ULP 2.1) Detected SW delay loop using empty loop. Recommend using a timer module instead
"C:/Users/hloh/Documents/Course Content/CE2007/new syllabus/RSLK-labs/tirslk_maze_1_00_01/tirslk_maze_1_00_00/inc/FlashProgram.c", line 530: remark #1527-D: (ULP 2.1) Detected SW delay loop using empty loop. Recommend using a timer module instead
"C:/Users/hloh/Documents/Course Content/CE2007/new syllabus/RSLK-labs/tirslk_maze_1_00_01/tirslk_maze_1_00_00/inc/FlashProgram.c", line 549: remark #1543-D: (ULP 12.2) Detected for loop with repetitive data transfer. Recommend using DMA
"C:/Users/hloh/Documents/Course Content/CE2007/new syllabus/RSLK-labs/tirslk_maze_1_00_01/tirslk_maze_1_00_00/inc/FlashProgram.c", line 581: remark #1527-D: (ULP 2.1) Detected SW delay loop using empty loop. Recommend using a timer module instead
"C:/Users/hloh/Documents/Course Content/CE2007/new syllabus/RSLK-labs/tirslk_maze_1_00_01/tirslk_maze_1_00_00/inc/FlashProgram.c", line 590: remark #1527-D: (ULP 2.1) Detected SW delay loop using empty loop. Recommend using a timer module instead
"C:/Users/hloh/Documents/Course Content/CE2007/new syllabus/RSLK-labs/tirslk_maze_1_00_01/tirslk_maze_1_00_00/inc/FlashProgram.c", line 609: remark #1543-D: (ULP 12.2) Detected for loop with repetitive data transfer. Recommend using DMA
"C:/Users/hloh/Documents/Course Content/CE2007/new syllabus/RSLK-labs/tirslk_maze_1_00_01/tirslk_maze_1_00_00/inc/FlashProgram.c", line 671: remark #1528-D: (ULP 3.1) Detected flag polling using FLCTL_IFG. Recommend using an interrupt combined with enter LPMx and ISR
"C:/Users/hloh/Documents/Course Content/CE2007/new syllabus/RSLK-labs/tirslk_maze_1_00_01/tirslk_maze_1_00_00/inc/FlashProgram.c", line 716: remark #1528-D: (ULP 3.1) Detected flag polling using FLCTL_IFG. Recommend using an interrupt combined with enter LPMx and ISR
"C:/Users/hloh/Documents/Course Content/CE2007/new syllabus/RSLK-labs/tirslk_maze_1_00_01/tirslk_maze_1_00_00/inc/FlashProgram.c", line 743: remark #1528-D: (ULP 3.1) Detected flag polling using FLCTL_IFG. Recommend using an interrupt combined with enter LPMx and ISR
"C:/Users/hloh/Documents/Course Content/CE2007/new syllabus/RSLK-labs/tirslk_maze_1_00_01/tirslk_maze_1_00_00/inc/FlashProgram.c", line 712: remark #1527-D: (ULP 2.1) Detected SW delay loop using empty loop. Recommend using a timer module instead
"C:/Users/hloh/Documents/Course Content/CE2007/new syllabus/RSLK-labs/tirslk_maze_1_00_01/tirslk_maze_1_00_00/inc/FlashProgram.c", line 724: remark #1527-D: (ULP 2.1) Detected SW delay loop using empty loop. Recommend using a timer module instead
'Finished building: "C:/Users/hloh/Documents/Course Content/CE2007/new syllabus/RSLK-labs/tirslk_maze_1_00_01/tirslk_maze_1_00_00/inc/FlashProgram.c"'
 
'Building file: "../Lab10_Debugmain.c"'
'Invoking: MSP432 Compiler'
"C:/ti/ccs740/ccsv7/tools/compiler/ti-cgt-arm_16.9.6.LTS/bin/armcl" -mv7M4 --code_state=16 --float_support=FPv4SPD16 -me --include_path="C:/ti/ccs740/ccsv7/ccs_base/arm/include" --include_path="C:/ti/ccs740/ccsv7/ccs_base/arm/include/CMSIS" --include_path="C:/Users/hloh/Documents/Course Content/CE2007/new syllabus/RSLK-labs/tirslk_maze_1_00_01/tirslk_maze_1_00_00/Lab10_Debug" --include_path="C:/ti/ccs740/ccsv7/tools/compiler/ti-cgt-arm_16.9.6.LTS/include" --advice:power=all --define=__MSP432P401R__ --define=ccs -g --c99 --gcc --diag_warning=225 --diag_wrap=off --display_error_number --abi=eabi --preproc_with_compile --preproc_dependency="Lab10_Debugmain.d_raw"  "../Lab10_Debugmain.c"
"../Lab10_Debugmain.c", line 132: remark #2623-D: (ULP 5.4) Detected an assignment to a type with size less than int. To avoid unnecessary sign extension, use int-sized types for local varaibles and convert to smaller types for static storage.
"../Lab10_Debugmain.c", line 143: remark #2623-D: (ULP 5.4) Detected an assignment to a type with size less than int. To avoid unnecessary sign extension, use int-sized types for local varaibles and convert to smaller types for static storage.
"../Lab10_Debugmain.c", line 154: remark #2623-D: (ULP 5.4) Detected an assignment to a type with size less than int. To avoid unnecessary sign extension, use int-sized types for local varaibles and convert to smaller types for static storage.
"../Lab10_Debugmain.c", line 162: remark #2623-D: (ULP 5.4) Detected an assignment to a type with size less than int. To avoid unnecessary sign extension, use int-sized types for local varaibles and convert to smaller types for static storage.
"../Lab10_Debugmain.c", line 173: remark #2623-D: (ULP 5.4) Detected an assignment to a type with size less than int. To avoid unnecessary sign extension, use int-sized types for local varaibles and convert to smaller types for static storage.
'Finished building: "../Lab10_Debugmain.c"'
 
'Building file: "C:/Users/hloh/Documents/Course Content/CE2007/new syllabus/RSLK-labs/tirslk_maze_1_00_01/tirslk_maze_1_00_00/inc/LaunchPad.c"'
'Invoking: MSP432 Compiler'
"C:/ti/ccs740/ccsv7/tools/compiler/ti-cgt-arm_16.9.6.LTS/bin/armcl" -mv7M4 --code_state=16 --float_support=FPv4SPD16 -me --include_path="C:/ti/ccs740/ccsv7/ccs_base/arm/include" --include_path="C:/ti/ccs740/ccsv7/ccs_base/arm/include/CMSIS" --include_path="C:/Users/hloh/Documents/Course Content/CE2007/new syllabus/RSLK-labs/tirslk_maze_1_00_01/tirslk_maze_1_00_00/Lab10_Debug" --include_path="C:/ti/ccs740/ccsv7/tools/compiler/ti-cgt-arm_16.9.6.LTS/include" --advice:power=all --define=__MSP432P401R__ --define=ccs -g --c99 --gcc --diag_warning=225 --diag_wrap=off --display_error_number --abi=eabi --preproc_with_compile --preproc_dependency="LaunchPad.d_raw"  "C:/Users/hloh/Documents/Course Content/CE2007/new syllabus/RSLK-labs/tirslk_maze_1_00_01/tirslk_maze_1_00_00/inc/LaunchPad.c"
'Finished building: "C:/Users/hloh/Documents/Course Content/CE2007/new syllabus/RSLK-labs/tirslk_maze_1_00_01/tirslk_maze_1_00_00/inc/LaunchPad.c"'
 
'Building file: "C:/Users/hloh/Documents/Course Content/CE2007/new syllabus/RSLK-labs/tirslk_maze_1_00_01/tirslk_maze_1_00_00/inc/Reflectance.c"'
'Invoking: MSP432 Compiler'
"C:/ti/ccs740/ccsv7/tools/compiler/ti-cgt-arm_16.9.6.LTS/bin/armcl" -mv7M4 --code_state=16 --float_support=FPv4SPD16 -me --include_path="C:/ti/ccs740/ccsv7/ccs_base/arm/include" --include_path="C:/ti/ccs740/ccsv7/ccs_base/arm/include/CMSIS" --include_path="C:/Users/hloh/Documents/Course Content/CE2007/new syllabus/RSLK-labs/tirslk_maze_1_00_01/tirslk_maze_1_00_00/Lab10_Debug" --include_path="C:/ti/ccs740/ccsv7/tools/compiler/ti-cgt-arm_16.9.6.LTS/include" --advice:power=all --define=__MSP432P401R__ --define=ccs -g --c99 --gcc --diag_warning=225 --diag_wrap=off --display_error_number --abi=eabi --preproc_with_compile --preproc_dependency="Reflectance.d_raw"  "C:/Users/hloh/Documents/Course Content/CE2007/new syllabus/RSLK-labs/tirslk_maze_1_00_01/tirslk_maze_1_00_00/inc/Reflectance.c"
"C:/Users/hloh/Documents/Course Content/CE2007/new syllabus/RSLK-labs/tirslk_maze_1_00_01/tirslk_maze_1_00_00/inc/Reflectance.c", line 157: remark #2623-D: (ULP 5.4) Detected an assignment to a type with size less than int. To avoid unnecessary sign extension, use int-sized types for local varaibles and convert to smaller types for static storage.
"C:/Users/hloh/Documents/Course Content/CE2007/new syllabus/RSLK-labs/tirslk_maze_1_00_01/tirslk_maze_1_00_00/inc/Reflectance.c", line 172: remark #2623-D: (ULP 5.4) Detected an assignment to a type with size less than int. To avoid unnecessary sign extension, use int-sized types for local varaibles and convert to smaller types for static storage.
'Finished building: "C:/Users/hloh/Documents/Course Content/CE2007/new syllabus/RSLK-labs/tirslk_maze_1_00_01/tirslk_maze_1_00_00/inc/Reflectance.c"'
 
'Building file: "C:/Users/hloh/Documents/Course Content/CE2007/new syllabus/RSLK-labs/tirslk_maze_1_00_01/tirslk_maze_1_00_00/inc/SysTickInts.c"'
'Invoking: MSP432 Compiler'
"C:/ti/ccs740/ccsv7/tools/compiler/ti-cgt-arm_16.9.6.LTS/bin/armcl" -mv7M4 --code_state=16 --float_support=FPv4SPD16 -me --include_path="C:/ti/ccs740/ccsv7/ccs_base/arm/include" --include_path="C:/ti/ccs740/ccsv7/ccs_base/arm/include/CMSIS" --include_path="C:/Users/hloh/Documents/Course Content/CE2007/new syllabus/RSLK-labs/tirslk_maze_1_00_01/tirslk_maze_1_00_00/Lab10_Debug" --include_path="C:/ti/ccs740/ccsv7/tools/compiler/ti-cgt-arm_16.9.6.LTS/include" --advice:power=all --define=__MSP432P401R__ --define=ccs -g --c99 --gcc --diag_warning=225 --diag_wrap=off --display_error_number --abi=eabi --preproc_with_compile --preproc_dependency="SysTickInts.d_raw"  "C:/Users/hloh/Documents/Course Content/CE2007/new syllabus/RSLK-labs/tirslk_maze_1_00_01/tirslk_maze_1_00_00/inc/SysTickInts.c"
'Finished building: "C:/Users/hloh/Documents/Course Content/CE2007/new syllabus/RSLK-labs/tirslk_maze_1_00_01/tirslk_maze_1_00_00/inc/SysTickInts.c"'
 
'Building file: "../startup_msp432p401r_ccs.c"'
'Invoking: MSP432 Compiler'
"C:/ti/ccs740/ccsv7/tools/compiler/ti-cgt-arm_16.9.6.LTS/bin/armcl" -mv7M4 --code_state=16 --float_support=FPv4SPD16 -me --include_path="C:/ti/ccs740/ccsv7/ccs_base/arm/include" --include_path="C:/ti/ccs740/ccsv7/ccs_base/arm/include/CMSIS" --include_path="C:/Users/hloh/Documents/Course Content/CE2007/new syllabus/RSLK-labs/tirslk_maze_1_00_01/tirslk_maze_1_00_00/Lab10_Debug" --include_path="C:/ti/ccs740/ccsv7/tools/compiler/ti-cgt-arm_16.9.6.LTS/include" --advice:power=all --define=__MSP432P401R__ --define=ccs -g --c99 --gcc --diag_warning=225 --diag_wrap=off --display_error_number --abi=eabi --preproc_with_compile --preproc_dependency="startup_msp432p401r_ccs.d_raw"  "../startup_msp432p401r_ccs.c"
'Finished building: "../startup_msp432p401r_ccs.c"'
 
'Building file: "C:/Users/hloh/Documents/Course Content/CE2007/new syllabus/RSLK-labs/tirslk_maze_1_00_01/tirslk_maze_1_00_00/inc/TExaS.c"'
'Invoking: MSP432 Compiler'
"C:/ti/ccs740/ccsv7/tools/compiler/ti-cgt-arm_16.9.6.LTS/bin/armcl" -mv7M4 --code_state=16 --float_support=FPv4SPD16 -me --include_path="C:/ti/ccs740/ccsv7/ccs_base/arm/include" --include_path="C:/ti/ccs740/ccsv7/ccs_base/arm/include/CMSIS" --include_path="C:/Users/hloh/Documents/Course Content/CE2007/new syllabus/RSLK-labs/tirslk_maze_1_00_01/tirslk_maze_1_00_00/Lab10_Debug" --include_path="C:/ti/ccs740/ccsv7/tools/compiler/ti-cgt-arm_16.9.6.LTS/include" --advice:power=all --define=__MSP432P401R__ --define=ccs -g --c99 --gcc --diag_warning=225 --diag_wrap=off --display_error_number --abi=eabi --preproc_with_compile --preproc_dependency="TExaS.d_raw"  "C:/Users/hloh/Documents/Course Content/CE2007/new syllabus/RSLK-labs/tirslk_maze_1_00_01/tirslk_maze_1_00_00/inc/TExaS.c"
"C:/Users/hloh/Documents/Course Content/CE2007/new syllabus/RSLK-labs/tirslk_maze_1_00_01/tirslk_maze_1_00_00/inc/TExaS.c", line 121: remark #1527-D: (ULP 2.1) Detected SW delay loop using empty loop. Recommend using a timer module instead
"C:/Users/hloh/Documents/Course Content/CE2007/new syllabus/RSLK-labs/tirslk_maze_1_00_01/tirslk_maze_1_00_00/inc/TExaS.c", line 280: remark #1527-D: (ULP 2.1) Detected SW delay loop using empty loop. Recommend using a timer module instead
"C:/Users/hloh/Documents/Course Content/CE2007/new syllabus/RSLK-labs/tirslk_maze_1_00_01/tirslk_maze_1_00_00/inc/TExaS.c", line 289: remark #1527-D: (ULP 2.1) Detected SW delay loop using empty loop. Recommend using a timer module instead
"C:/Users/hloh/Documents/Course Content/CE2007/new syllabus/RSLK-labs/tirslk_maze_1_00_01/tirslk_maze_1_00_00/inc/TExaS.c", line 411: remark #1527-D: (ULP 2.1) Detected SW delay loop using empty loop. Recommend using a timer module instead
"C:/Users/hloh/Documents/Course Content/CE2007/new syllabus/RSLK-labs/tirslk_maze_1_00_01/tirslk_maze_1_00_00/inc/TExaS.c", line 453: remark #1527-D: (ULP 2.1) Detected SW delay loop using empty loop. Recommend using a timer module instead
'Finished building: "C:/Users/hloh/Documents/Course Content/CE2007/new syllabus/RSLK-labs/tirslk_maze_1_00_01/tirslk_maze_1_00_00/inc/TExaS.c"'
 
'Building file: "../system_msp432p401r.c"'
'Invoking: MSP432 Compiler'
"C:/ti/ccs740/ccsv7/tools/compiler/ti-cgt-arm_16.9.6.LTS/bin/armcl" -mv7M4 --code_state=16 --float_support=FPv4SPD16 -me --include_path="C:/ti/ccs740/ccsv7/ccs_base/arm/include" --include_path="C:/ti/ccs740/ccsv7/ccs_base/arm/include/CMSIS" --include_path="C:/Users/hloh/Documents/Course Content/CE2007/new syllabus/RSLK-labs/tirslk_maze_1_00_01/tirslk_maze_1_00_00/Lab10_Debug" --include_path="C:/ti/ccs740/ccsv7/tools/compiler/ti-cgt-arm_16.9.6.LTS/include" --advice:power=all --define=__MSP432P401R__ --define=ccs -g --c99 --gcc --diag_warning=225 --diag_wrap=off --display_error_number --abi=eabi --preproc_with_compile --preproc_dependency="system_msp432p401r.d_raw"  "../system_msp432p401r.c"
"../system_msp432p401r.c", line 112: remark #2623-D: (ULP 5.4) Detected an assignment to a type with size less than int. To avoid unnecessary sign extension, use int-sized types for local varaibles and convert to smaller types for static storage.
"../system_msp432p401r.c", line 160: remark #2623-D: (ULP 5.4) Detected an assignment to a type with size less than int. To avoid unnecessary sign extension, use int-sized types for local varaibles and convert to smaller types for static storage.
"../system_msp432p401r.c", line 193: remark #2623-D: (ULP 5.4) Detected an assignment to a type with size less than int. To avoid unnecessary sign extension, use int-sized types for local varaibles and convert to smaller types for static storage.
'Finished building: "../system_msp432p401r.c"'
 
'Building target: "Lab10_Debug.out"'
'Invoking: MSP432 Linker'
"C:/ti/ccs740/ccsv7/tools/compiler/ti-cgt-arm_16.9.6.LTS/bin/armcl" -mv7M4 --code_state=16 --float_support=FPv4SPD16 -me --advice:power=all --define=__MSP432P401R__ --define=ccs -g --c99 --gcc --diag_warning=225 --diag_wrap=off --display_error_number --abi=eabi -z -m"Lab10_Debug.map" --heap_size=1024 --stack_size=512 -i"C:/ti/ccs740/ccsv7/ccs_base/arm/include" -i"C:/ti/ccs740/ccsv7/tools/compiler/ti-cgt-arm_16.9.6.LTS/lib" -i"C:/ti/ccs740/ccsv7/tools/compiler/ti-cgt-arm_16.9.6.LTS/include" --reread_libs --diag_wrap=off --display_error_number --warn_sections --xml_link_info="Lab10_Debug_linkInfo.xml" --rom_model -o "Lab10_Debug.out" "./Bump.obj" "./Clock.obj" "./CortexM.obj" "./FlashProgram.obj" "./Lab10_Debugmain.obj" "./LaunchPad.obj" "./Reflectance.obj" "./SysTickInts.obj" "./TExaS.obj" "./startup_msp432p401r_ccs.obj" "./system_msp432p401r.obj" "../msp432p401r.cmd"  -llibc.a 
<Linking>
remark #10371-D: (ULP 1.1) Detected no uses of low power mode state changing instructions
remark #10372-D: (ULP 4.1) Detected uninitialized Port 1 in this project. Recommend initializing all unused ports to eliminate wasted current consumption on unused pins.
remark #10372-D: (ULP 4.1) Detected uninitialized Port 2 in this project. Recommend initializing all unused ports to eliminate wasted current consumption on unused pins.
remark #10372-D: (ULP 4.1) Detected uninitialized Port 3 in this project. Recommend initializing all unused ports to eliminate wasted current consumption on unused pins.
remark #10372-D: (ULP 4.1) Detected uninitialized Port 4 in this project. Recommend initializing all unused ports to eliminate wasted current consumption on unused pins.
remark #10372-D: (ULP 4.1) Detected uninitialized Port 5 in this project. Recommend initializing all unused ports to eliminate wasted current consumption on unused pins.
remark #10372-D: (ULP 4.1) Detected uninitialized Port 6 in this project. Recommend initializing all unused ports to eliminate wasted current consumption on unused pins.
remark #10372-D: (ULP 4.1) Detected uninitialized Port 7 in this project. Recommend initializing all unused ports to eliminate wasted current consumption on unused pins.
remark #10372-D: (ULP 4.1) Detected uninitialized Port 8 in this project. Recommend initializing all unused ports to eliminate wasted current consumption on unused pins.
remark #10372-D: (ULP 4.1) Detected uninitialized Port 9 in this project. Recommend initializing all unused ports to eliminate wasted current consumption on unused pins.
remark #10372-D: (ULP 4.1) Detected uninitialized Port 10 in this project. Recommend initializing all unused ports to eliminate wasted current consumption on unused pins.
'Finished building target: "Lab10_Debug.out"'
 

**** Build Finished ****
