
**** Build of configuration Debug for project Lab3ref_SimpleMotors ****

"C:\\ti\\ccsv7\\utils\\bin\\gmake" -k -j 8 all -O 
 
'Building file: "../startup_msp432p401r_ccs.c"'
'Invoking: MSP432 Compiler'
"C:/ti/ccsv7/tools/compiler/ti-cgt-arm_16.9.6.LTS/bin/armcl" -mv7M4 --code_state=16 --float_support=FPv4SPD16 -me --include_path="C:/ti/ccsv7/ccs_base/arm/include" --include_path="C:/ti/ccsv7/ccs_base/arm/include/CMSIS" --include_path="D:/Data/course/CE2107 Microprocessor system design & device/Experiment/CE2007Labs-Students-09072019/CE2007-Students/Lab3ref_SimpleMotors" --include_path="C:/ti/ccsv7/tools/compiler/ti-cgt-arm_16.9.6.LTS/include" --advice:power=all --define=__MSP432P401R__ --define=TARGET_IS_MSP432P4XX --define=ccs -g --gcc --diag_warning=225 --diag_wrap=off --display_error_number --abi=eabi --preproc_with_compile --preproc_dependency="startup_msp432p401r_ccs.d_raw"  "../startup_msp432p401r_ccs.c"
'Finished building: "../startup_msp432p401r_ccs.c"'
 
'Building file: "D:/Data/course/CE2107 Microprocessor system design & device/Experiment/CE2007Labs-Students-09072019/CE2007-Students/inc/Clock.c"'
'Invoking: MSP432 Compiler'
"C:/ti/ccsv7/tools/compiler/ti-cgt-arm_16.9.6.LTS/bin/armcl" -mv7M4 --code_state=16 --float_support=FPv4SPD16 -me --include_path="C:/ti/ccsv7/ccs_base/arm/include" --include_path="C:/ti/ccsv7/ccs_base/arm/include/CMSIS" --include_path="D:/Data/course/CE2107 Microprocessor system design & device/Experiment/CE2007Labs-Students-09072019/CE2007-Students/Lab3ref_SimpleMotors" --include_path="C:/ti/ccsv7/tools/compiler/ti-cgt-arm_16.9.6.LTS/include" --advice:power=all --define=__MSP432P401R__ --define=TARGET_IS_MSP432P4XX --define=ccs -g --gcc --diag_warning=225 --diag_wrap=off --display_error_number --abi=eabi --preproc_with_compile --preproc_dependency="Clock.d_raw"  "D:/Data/course/CE2107 Microprocessor system design & device/Experiment/CE2007Labs-Students-09072019/CE2007-Students/inc/Clock.c"
'Finished building: "D:/Data/course/CE2107 Microprocessor system design & device/Experiment/CE2007Labs-Students-09072019/CE2007-Students/inc/Clock.c"'
 
'Building file: "D:/Data/course/CE2107 Microprocessor system design & device/Experiment/CE2007Labs-Students-09072019/CE2007-Students/inc/LaunchPad.c"'
'Invoking: MSP432 Compiler'
"C:/ti/ccsv7/tools/compiler/ti-cgt-arm_16.9.6.LTS/bin/armcl" -mv7M4 --code_state=16 --float_support=FPv4SPD16 -me --include_path="C:/ti/ccsv7/ccs_base/arm/include" --include_path="C:/ti/ccsv7/ccs_base/arm/include/CMSIS" --include_path="D:/Data/course/CE2107 Microprocessor system design & device/Experiment/CE2007Labs-Students-09072019/CE2007-Students/Lab3ref_SimpleMotors" --include_path="C:/ti/ccsv7/tools/compiler/ti-cgt-arm_16.9.6.LTS/include" --advice:power=all --define=__MSP432P401R__ --define=TARGET_IS_MSP432P4XX --define=ccs -g --gcc --diag_warning=225 --diag_wrap=off --display_error_number --abi=eabi --preproc_with_compile --preproc_dependency="LaunchPad.d_raw"  "D:/Data/course/CE2107 Microprocessor system design & device/Experiment/CE2007Labs-Students-09072019/CE2007-Students/inc/LaunchPad.c"
'Finished building: "D:/Data/course/CE2107 Microprocessor system design & device/Experiment/CE2007Labs-Students-09072019/CE2007-Students/inc/LaunchPad.c"'
 
'Building file: "D:/Data/course/CE2107 Microprocessor system design & device/Experiment/CE2007Labs-Students-09072019/CE2007-Students/inc/Bump.c"'
'Invoking: MSP432 Compiler'
"C:/ti/ccsv7/tools/compiler/ti-cgt-arm_16.9.6.LTS/bin/armcl" -mv7M4 --code_state=16 --float_support=FPv4SPD16 -me --include_path="C:/ti/ccsv7/ccs_base/arm/include" --include_path="C:/ti/ccsv7/ccs_base/arm/include/CMSIS" --include_path="D:/Data/course/CE2107 Microprocessor system design & device/Experiment/CE2007Labs-Students-09072019/CE2007-Students/Lab3ref_SimpleMotors" --include_path="C:/ti/ccsv7/tools/compiler/ti-cgt-arm_16.9.6.LTS/include" --advice:power=all --define=__MSP432P401R__ --define=TARGET_IS_MSP432P4XX --define=ccs -g --gcc --diag_warning=225 --diag_wrap=off --display_error_number --abi=eabi --preproc_with_compile --preproc_dependency="Bump.d_raw"  "D:/Data/course/CE2107 Microprocessor system design & device/Experiment/CE2007Labs-Students-09072019/CE2007-Students/inc/Bump.c"
"D:/Data/course/CE2107 Microprocessor system design & device/Experiment/CE2007Labs-Students-09072019/CE2007-Students/inc/Bump.c", line 78: remark #2623-D: (ULP 5.4) Detected an assignment to a type with size less than int. To avoid unnecessary sign extension, use int-sized types for local varaibles and convert to smaller types for static storage.
"D:/Data/course/CE2107 Microprocessor system design & device/Experiment/CE2007Labs-Students-09072019/CE2007-Students/inc/Bump.c", line 84: remark #2623-D: (ULP 5.4) Detected an assignment to a type with size less than int. To avoid unnecessary sign extension, use int-sized types for local varaibles and convert to smaller types for static storage.
"D:/Data/course/CE2107 Microprocessor system design & device/Experiment/CE2007Labs-Students-09072019/CE2007-Students/inc/Bump.c", line 103: remark #2623-D: (ULP 5.4) Detected an assignment to a type with size less than int. To avoid unnecessary sign extension, use int-sized types for local varaibles and convert to smaller types for static storage.
"D:/Data/course/CE2107 Microprocessor system design & device/Experiment/CE2007Labs-Students-09072019/CE2007-Students/inc/Bump.c", line 104: remark #2623-D: (ULP 5.4) Detected an assignment to a type with size less than int. To avoid unnecessary sign extension, use int-sized types for local varaibles and convert to smaller types for static storage.
"D:/Data/course/CE2107 Microprocessor system design & device/Experiment/CE2007Labs-Students-09072019/CE2007-Students/inc/Bump.c", line 105: remark #2623-D: (ULP 5.4) Detected an assignment to a type with size less than int. To avoid unnecessary sign extension, use int-sized types for local varaibles and convert to smaller types for static storage.
"D:/Data/course/CE2107 Microprocessor system design & device/Experiment/CE2007Labs-Students-09072019/CE2007-Students/inc/Bump.c", line 106: remark #2623-D: (ULP 5.4) Detected an assignment to a type with size less than int. To avoid unnecessary sign extension, use int-sized types for local varaibles and convert to smaller types for static storage.
"D:/Data/course/CE2107 Microprocessor system design & device/Experiment/CE2007Labs-Students-09072019/CE2007-Students/inc/Bump.c", line 107: remark #2623-D: (ULP 5.4) Detected an assignment to a type with size less than int. To avoid unnecessary sign extension, use int-sized types for local varaibles and convert to smaller types for static storage.
"D:/Data/course/CE2107 Microprocessor system design & device/Experiment/CE2007Labs-Students-09072019/CE2007-Students/inc/Bump.c", line 108: remark #2623-D: (ULP 5.4) Detected an assignment to a type with size less than int. To avoid unnecessary sign extension, use int-sized types for local varaibles and convert to smaller types for static storage.
'Finished building: "D:/Data/course/CE2107 Microprocessor system design & device/Experiment/CE2007Labs-Students-09072019/CE2007-Students/inc/Bump.c"'
 
'Building file: "../Simple_Motorsmain.c"'
'Invoking: MSP432 Compiler'
"C:/ti/ccsv7/tools/compiler/ti-cgt-arm_16.9.6.LTS/bin/armcl" -mv7M4 --code_state=16 --float_support=FPv4SPD16 -me --include_path="C:/ti/ccsv7/ccs_base/arm/include" --include_path="C:/ti/ccsv7/ccs_base/arm/include/CMSIS" --include_path="D:/Data/course/CE2107 Microprocessor system design & device/Experiment/CE2007Labs-Students-09072019/CE2007-Students/Lab3ref_SimpleMotors" --include_path="C:/ti/ccsv7/tools/compiler/ti-cgt-arm_16.9.6.LTS/include" --advice:power=all --define=__MSP432P401R__ --define=TARGET_IS_MSP432P4XX --define=ccs -g --gcc --diag_warning=225 --diag_wrap=off --display_error_number --abi=eabi --preproc_with_compile --preproc_dependency="Simple_Motorsmain.d_raw"  "../Simple_Motorsmain.c"
"../Simple_Motorsmain.c", line 60: remark #1527-D: (ULP 2.1) Detected SW delay loop using empty loop. Recommend using a timer module instead
"../Simple_Motorsmain.c", line 61: remark #1527-D: (ULP 2.1) Detected SW delay loop using empty loop. Recommend using a timer module instead
'Finished building: "../Simple_Motorsmain.c"'
 
'Building file: "D:/Data/course/CE2107 Microprocessor system design & device/Experiment/CE2007Labs-Students-09072019/CE2007-Students/inc/SysTick.c"'
'Invoking: MSP432 Compiler'
"C:/ti/ccsv7/tools/compiler/ti-cgt-arm_16.9.6.LTS/bin/armcl" -mv7M4 --code_state=16 --float_support=FPv4SPD16 -me --include_path="C:/ti/ccsv7/ccs_base/arm/include" --include_path="C:/ti/ccsv7/ccs_base/arm/include/CMSIS" --include_path="D:/Data/course/CE2107 Microprocessor system design & device/Experiment/CE2007Labs-Students-09072019/CE2007-Students/Lab3ref_SimpleMotors" --include_path="C:/ti/ccsv7/tools/compiler/ti-cgt-arm_16.9.6.LTS/include" --advice:power=all --define=__MSP432P401R__ --define=TARGET_IS_MSP432P4XX --define=ccs -g --gcc --diag_warning=225 --diag_wrap=off --display_error_number --abi=eabi --preproc_with_compile --preproc_dependency="SysTick.d_raw"  "D:/Data/course/CE2107 Microprocessor system design & device/Experiment/CE2007Labs-Students-09072019/CE2007-Students/inc/SysTick.c"
"D:/Data/course/CE2107 Microprocessor system design & device/Experiment/CE2007Labs-Students-09072019/CE2007-Students/inc/SysTick.c", line 75: remark #1527-D: (ULP 2.1) Detected SW delay loop using empty loop. Recommend using a timer module instead
'Finished building: "D:/Data/course/CE2107 Microprocessor system design & device/Experiment/CE2007Labs-Students-09072019/CE2007-Students/inc/SysTick.c"'
 
'Building file: "D:/Data/course/CE2107 Microprocessor system design & device/Experiment/CE2007Labs-Students-09072019/CE2007-Students/inc/MotorSimple.c"'
'Invoking: MSP432 Compiler'
"C:/ti/ccsv7/tools/compiler/ti-cgt-arm_16.9.6.LTS/bin/armcl" -mv7M4 --code_state=16 --float_support=FPv4SPD16 -me --include_path="C:/ti/ccsv7/ccs_base/arm/include" --include_path="C:/ti/ccsv7/ccs_base/arm/include/CMSIS" --include_path="D:/Data/course/CE2107 Microprocessor system design & device/Experiment/CE2007Labs-Students-09072019/CE2007-Students/Lab3ref_SimpleMotors" --include_path="C:/ti/ccsv7/tools/compiler/ti-cgt-arm_16.9.6.LTS/include" --advice:power=all --define=__MSP432P401R__ --define=TARGET_IS_MSP432P4XX --define=ccs -g --gcc --diag_warning=225 --diag_wrap=off --display_error_number --abi=eabi --preproc_with_compile --preproc_dependency="MotorSimple.d_raw"  "D:/Data/course/CE2107 Microprocessor system design & device/Experiment/CE2007Labs-Students-09072019/CE2007-Students/inc/MotorSimple.c"
'Finished building: "D:/Data/course/CE2107 Microprocessor system design & device/Experiment/CE2007Labs-Students-09072019/CE2007-Students/inc/MotorSimple.c"'
 
'Building file: "../system_msp432p401r.c"'
'Invoking: MSP432 Compiler'
"C:/ti/ccsv7/tools/compiler/ti-cgt-arm_16.9.6.LTS/bin/armcl" -mv7M4 --code_state=16 --float_support=FPv4SPD16 -me --include_path="C:/ti/ccsv7/ccs_base/arm/include" --include_path="C:/ti/ccsv7/ccs_base/arm/include/CMSIS" --include_path="D:/Data/course/CE2107 Microprocessor system design & device/Experiment/CE2007Labs-Students-09072019/CE2007-Students/Lab3ref_SimpleMotors" --include_path="C:/ti/ccsv7/tools/compiler/ti-cgt-arm_16.9.6.LTS/include" --advice:power=all --define=__MSP432P401R__ --define=TARGET_IS_MSP432P4XX --define=ccs -g --gcc --diag_warning=225 --diag_wrap=off --display_error_number --abi=eabi --preproc_with_compile --preproc_dependency="system_msp432p401r.d_raw"  "../system_msp432p401r.c"
"../system_msp432p401r.c", line 112: remark #2623-D: (ULP 5.4) Detected an assignment to a type with size less than int. To avoid unnecessary sign extension, use int-sized types for local varaibles and convert to smaller types for static storage.
"../system_msp432p401r.c", line 160: remark #2623-D: (ULP 5.4) Detected an assignment to a type with size less than int. To avoid unnecessary sign extension, use int-sized types for local varaibles and convert to smaller types for static storage.
"../system_msp432p401r.c", line 193: remark #2623-D: (ULP 5.4) Detected an assignment to a type with size less than int. To avoid unnecessary sign extension, use int-sized types for local varaibles and convert to smaller types for static storage.
'Finished building: "../system_msp432p401r.c"'
 
'Building target: "Lab3ref_SimpleMotors.out"'
'Invoking: MSP432 Linker'
"C:/ti/ccsv7/tools/compiler/ti-cgt-arm_16.9.6.LTS/bin/armcl" -mv7M4 --code_state=16 --float_support=FPv4SPD16 -me --advice:power=all --define=__MSP432P401R__ --define=TARGET_IS_MSP432P4XX --define=ccs -g --gcc --diag_warning=225 --diag_wrap=off --display_error_number --abi=eabi -z -m"Lab3ref_SimpleMotors.map" --heap_size=1024 --stack_size=512 -i"C:/ti/ccsv7/ccs_base/arm/include" -i"C:/ti/ccsv7/tools/compiler/ti-cgt-arm_16.9.6.LTS/lib" -i"C:/ti/ccsv7/tools/compiler/ti-cgt-arm_16.9.6.LTS/include" --reread_libs --diag_wrap=off --display_error_number --warn_sections --xml_link_info="Lab3ref_SimpleMotors_linkInfo.xml" --rom_model -o "Lab3ref_SimpleMotors.out" "./Bump.obj" "./Clock.obj" "./LaunchPad.obj" "./MotorSimple.obj" "./Simple_Motorsmain.obj" "./SysTick.obj" "./startup_msp432p401r_ccs.obj" "./system_msp432p401r.obj" "../msp432p401r.cmd"  -llibc.a 
<Linking>
remark #10371-D: (ULP 1.1) Detected no uses of low power mode state changing instructions
remark #10372-D: (ULP 4.1) Detected uninitialized Port 1 in this project. Recommend initializing all unused ports to eliminate wasted current consumption on unused pins.
remark #10372-D: (ULP 4.1) Detected uninitialized Port 2 in this project. Recommend initializing all unused ports to eliminate wasted current consumption on unused pins.
remark #10372-D: (ULP 4.1) Detected uninitialized Port 3 in this project. Recommend initializing all unused ports to eliminate wasted current consumption on unused pins.
remark #10372-D: (ULP 4.1) Detected uninitialized Port 4 in this project. Recommend initializing all unused ports to eliminate wasted current consumption on unused pins.
remark #10372-D: (ULP 4.1) Detected uninitialized Port 5 in this project. Recommend initializing all unused ports to eliminate wasted current consumption on unused pins.
remark #10372-D: (ULP 4.1) Detected uninitialized Port 6 in this project. Recommend initializing all unused ports to eliminate wasted current consumption on unused pins.
remark #10372-D: (ULP 4.1) Detected uninitialized Port 7 in this project. Recommend initializing all unused ports to eliminate wasted current consumption on unused pins.
remark #10372-D: (ULP 4.1) Detected uninitialized Port 8 in this project. Recommend initializing all unused ports to eliminate wasted current consumption on unused pins.
remark #10372-D: (ULP 4.1) Detected uninitialized Port 9 in this project. Recommend initializing all unused ports to eliminate wasted current consumption on unused pins.
remark #10372-D: (ULP 4.1) Detected uninitialized Port 10 in this project. Recommend initializing all unused ports to eliminate wasted current consumption on unused pins.
'Finished building target: "Lab3ref_SimpleMotors.out"'
 

**** Build Finished ****
