
**** Build of configuration Debug for project SineFunction ****

"C:\\ti\\ccs740\\ccsv7\\utils\\bin\\gmake" -k -j 4 all -O 
 
'Building file: "../SineFunction.c"'
'Invoking: MSP432 Compiler'
"C:/ti/ccs740/ccsv7/tools/compiler/ti-cgt-arm_16.9.6.LTS/bin/armcl" -mv7M4 --code_state=16 --float_support=FPv4SPD16 -me --include_path="C:/ti/ccs740/ccsv7/ccs_base/arm/include" --include_path="C:/ti/ccs740/ccsv7/ccs_base/arm/include/CMSIS" --include_path="C:/Users/hloh/Documents/Course Content/CE2007/new syllabus/RSLK-labs/tirslk_maze_1_00_01/tirslk_maze_1_00_00/SineFunction" --include_path="C:/ti/ccs740/ccsv7/tools/compiler/ti-cgt-arm_16.9.6.LTS/include" --advice:power=all --define=__MSP432P401R__ --define=TARGET_IS_MSP432P4XX --define=ccs -g --c99 --gcc --diag_warning=225 --diag_wrap=off --display_error_number --abi=eabi --preproc_with_compile --preproc_dependency="SineFunction.d_raw"  "../SineFunction.c"
"../SineFunction.c", line 98: remark #1527-D: (ULP 2.1) Detected SW delay loop using empty loop. Recommend using a timer module instead
'Finished building: "../SineFunction.c"'
 
'Building file: "../startup_msp432p401r_ccs.c"'
'Invoking: MSP432 Compiler'
"C:/ti/ccs740/ccsv7/tools/compiler/ti-cgt-arm_16.9.6.LTS/bin/armcl" -mv7M4 --code_state=16 --float_support=FPv4SPD16 -me --include_path="C:/ti/ccs740/ccsv7/ccs_base/arm/include" --include_path="C:/ti/ccs740/ccsv7/ccs_base/arm/include/CMSIS" --include_path="C:/Users/hloh/Documents/Course Content/CE2007/new syllabus/RSLK-labs/tirslk_maze_1_00_01/tirslk_maze_1_00_00/SineFunction" --include_path="C:/ti/ccs740/ccsv7/tools/compiler/ti-cgt-arm_16.9.6.LTS/include" --advice:power=all --define=__MSP432P401R__ --define=TARGET_IS_MSP432P4XX --define=ccs -g --c99 --gcc --diag_warning=225 --diag_wrap=off --display_error_number --abi=eabi --preproc_with_compile --preproc_dependency="startup_msp432p401r_ccs.d_raw"  "../startup_msp432p401r_ccs.c"
'Finished building: "../startup_msp432p401r_ccs.c"'
 
'Building file: "../system_msp432p401r.c"'
'Invoking: MSP432 Compiler'
"C:/ti/ccs740/ccsv7/tools/compiler/ti-cgt-arm_16.9.6.LTS/bin/armcl" -mv7M4 --code_state=16 --float_support=FPv4SPD16 -me --include_path="C:/ti/ccs740/ccsv7/ccs_base/arm/include" --include_path="C:/ti/ccs740/ccsv7/ccs_base/arm/include/CMSIS" --include_path="C:/Users/hloh/Documents/Course Content/CE2007/new syllabus/RSLK-labs/tirslk_maze_1_00_01/tirslk_maze_1_00_00/SineFunction" --include_path="C:/ti/ccs740/ccsv7/tools/compiler/ti-cgt-arm_16.9.6.LTS/include" --advice:power=all --define=__MSP432P401R__ --define=TARGET_IS_MSP432P4XX --define=ccs -g --c99 --gcc --diag_warning=225 --diag_wrap=off --display_error_number --abi=eabi --preproc_with_compile --preproc_dependency="system_msp432p401r.d_raw"  "../system_msp432p401r.c"
"../system_msp432p401r.c", line 112: remark #2623-D: (ULP 5.4) Detected an assignment to a type with size less than int. To avoid unnecessary sign extension, use int-sized types for local varaibles and convert to smaller types for static storage.
"../system_msp432p401r.c", line 160: remark #2623-D: (ULP 5.4) Detected an assignment to a type with size less than int. To avoid unnecessary sign extension, use int-sized types for local varaibles and convert to smaller types for static storage.
"../system_msp432p401r.c", line 193: remark #2623-D: (ULP 5.4) Detected an assignment to a type with size less than int. To avoid unnecessary sign extension, use int-sized types for local varaibles and convert to smaller types for static storage.
'Finished building: "../system_msp432p401r.c"'
 
'Building target: "SineFunction.out"'
'Invoking: MSP432 Linker'
"C:/ti/ccs740/ccsv7/tools/compiler/ti-cgt-arm_16.9.6.LTS/bin/armcl" -mv7M4 --code_state=16 --float_support=FPv4SPD16 -me --advice:power=all --define=__MSP432P401R__ --define=TARGET_IS_MSP432P4XX --define=ccs -g --c99 --gcc --diag_warning=225 --diag_wrap=off --display_error_number --abi=eabi -z -m"SineFunction.map" --heap_size=1024 --stack_size=512 -i"C:/ti/ccs740/ccsv7/ccs_base/arm/include" -i"C:/ti/ccs740/ccsv7/tools/compiler/ti-cgt-arm_16.9.6.LTS/lib" -i"C:/ti/ccs740/ccsv7/tools/compiler/ti-cgt-arm_16.9.6.LTS/include" --reread_libs --diag_wrap=off --display_error_number --warn_sections --xml_link_info="SineFunction_linkInfo.xml" --rom_model -o "SineFunction.out" "./SineFunction.obj" "./startup_msp432p401r_ccs.obj" "./system_msp432p401r.obj" "../msp432p401r.cmd"  -llibc.a 
<Linking>
remark #10371-D: (ULP 1.1) Detected no uses of low power mode state changing instructions
'Finished building target: "SineFunction.out"'
 

**** Build Finished ****
